<?xml version="1.0" encoding="UTF-8" ?>
<testsuite failures="0" time="2.278" errors="0" skipped="0" tests="6" name="TestSuite">
  <properties>
    <property name="java.runtime.name" value="Java(TM) SE Runtime Environment"/>
    <property name="sun.boot.library.path" value="/System/Library/Java/JavaVirtualMachines/1.6.0.jdk/Contents/Libraries"/>
    <property name="java.vm.version" value="17.1-b03-307"/>
    <property name="awt.nativeDoubleBuffering" value="true"/>
    <property name="gopherProxySet" value="false"/>
    <property name="mrj.build" value="10M3261"/>
    <property name="java.vm.vendor" value="Apple Inc."/>
    <property name="java.vendor.url" value="http://www.apple.com/"/>
    <property name="path.separator" value=":"/>
    <property name="java.vm.name" value="Java HotSpot(TM) 64-Bit Server VM"/>
    <property name="file.encoding.pkg" value="sun.io"/>
    <property name="user.country" value="US"/>
    <property name="sun.java.launcher" value="SUN_STANDARD"/>
    <property name="sun.os.patch.level" value="unknown"/>
    <property name="java.vm.specification.name" value="Java Virtual Machine Specification"/>
    <property name="user.dir" value="/Users/jfarcand/workspace/REST-Deflector/rest-jaxrs"/>
    <property name="java.runtime.version" value="1.6.0_22-b04-307-10M3261"/>
    <property name="java.awt.graphicsenv" value="apple.awt.CGraphicsEnvironment"/>
    <property name="basedir" value="/Users/jfarcand/workspace/REST-Deflector/rest-jaxrs"/>
    <property name="java.endorsed.dirs" value="/System/Library/Java/JavaVirtualMachines/1.6.0.jdk/Contents/Home/lib/endorsed"/>
    <property name="os.arch" value="x86_64"/>
    <property name="surefire.real.class.path" value="/Users/jfarcand/workspace/REST-Deflector/rest-jaxrs/target/surefire/surefirebooter7371240926506838223.jar"/>
    <property name="java.io.tmpdir" value="/var/folders/bQ/bQzAtizPHFyrWx+qw-ccwk+++TI/-Tmp-/"/>
    <property name="line.separator" value="
"/>
    <property name="java.vm.specification.vendor" value="Sun Microsystems Inc."/>
    <property name="os.name" value="Mac OS X"/>
    <property name="sun.jnu.encoding" value="MacRoman"/>
    <property name="java.library.path" value=".:/Library/Java/Extensions:/System/Library/Java/Extensions:/usr/lib/java"/>
    <property name="surefire.test.class.path" value="/Users/jfarcand/workspace/REST-Deflector/rest-jaxrs/target/test-classes:/Users/jfarcand/workspace/REST-Deflector/rest-jaxrs/target/classes:/Users/jfarcand/workspace/REST-Deflector/rest-api/target/rest-api-0.1-SNAPSHOT.jar:/Users/jfarcand/.m2/repository/org/sonatype/sisu/sisu-guice/3.0-SNAPSHOT/sisu-guice-3.0-SNAPSHOT.jar:/Users/jfarcand/.m2/repository/javax/inject/javax.inject/1/javax.inject-1.jar:/Users/jfarcand/.m2/repository/org/sonatype/sisu/inject/guice-servlet/3.0-SNAPSHOT/guice-servlet-3.0-SNAPSHOT.jar:/Users/jfarcand/.m2/repository/javax/servlet/servlet-api/2.5/servlet-api-2.5.jar:/Users/jfarcand/.m2/repository/asm/asm/3.3.1/asm-3.3.1.jar:/Users/jfarcand/.m2/repository/asm/asm-util/3.3.1/asm-util-3.3.1.jar:/Users/jfarcand/.m2/repository/asm/asm-tree/3.3.1/asm-tree-3.3.1.jar:/Users/jfarcand/.m2/repository/aopalliance/aopalliance/1.0/aopalliance-1.0.jar:/Users/jfarcand/.m2/repository/com/sun/jersey/jersey-server/1.5/jersey-server-1.5.jar:/Users/jfarcand/.m2/repository/com/sun/jersey/jersey-core/1.5/jersey-core-1.5.jar:/Users/jfarcand/.m2/repository/com/sun/jersey/contribs/jersey-guice/1.5/jersey-guice-1.5.jar:/Users/jfarcand/.m2/repository/com/google/inject/extensions/guice-servlet/2.0/guice-servlet-2.0.jar:/Users/jfarcand/.m2/repository/com/google/inject/guice/2.0/guice-2.0.jar:/Users/jfarcand/.m2/repository/com/sun/jersey/jersey-json/1.5/jersey-json-1.5.jar:/Users/jfarcand/.m2/repository/org/codehaus/jettison/jettison/1.1/jettison-1.1.jar:/Users/jfarcand/.m2/repository/stax/stax-api/1.0.1/stax-api-1.0.1.jar:/Users/jfarcand/.m2/repository/com/sun/xml/bind/jaxb-impl/2.2.3/jaxb-impl-2.2.3.jar:/Users/jfarcand/.m2/repository/javax/xml/bind/jaxb-api/2.2.2/jaxb-api-2.2.2.jar:/Users/jfarcand/.m2/repository/javax/xml/stream/stax-api/1.0-2/stax-api-1.0-2.jar:/Users/jfarcand/.m2/repository/javax/activation/activation/1.1/activation-1.1.jar:/Users/jfarcand/.m2/repository/org/codehaus/jackson/jackson-core-asl/1.5.5/jackson-core-asl-1.5.5.jar:/Users/jfarcand/.m2/repository/org/codehaus/jackson/jackson-mapper-asl/1.5.5/jackson-mapper-asl-1.5.5.jar:/Users/jfarcand/.m2/repository/org/codehaus/jackson/jackson-jaxrs/1.5.5/jackson-jaxrs-1.5.5.jar:/Users/jfarcand/.m2/repository/org/codehaus/jackson/jackson-xc/1.5.5/jackson-xc-1.5.5.jar:/Users/jfarcand/.m2/repository/ch/qos/logback/logback-classic/0.9.24/logback-classic-0.9.24.jar:/Users/jfarcand/.m2/repository/ch/qos/logback/logback-core/0.9.24/logback-core-0.9.24.jar:/Users/jfarcand/.m2/repository/org/slf4j/slf4j-api/1.6.0/slf4j-api-1.6.0.jar:/Users/jfarcand/.m2/repository/org/testng/testng/5.8/testng-5.8-jdk15.jar:/Users/jfarcand/.m2/repository/junit/junit/3.8.1/junit-3.8.1.jar:/Users/jfarcand/.m2/repository/org/eclipse/jetty/jetty-servlet/7.2.1.v20101111/jetty-servlet-7.2.1.v20101111.jar:/Users/jfarcand/.m2/repository/org/eclipse/jetty/jetty-security/7.2.1.v20101111/jetty-security-7.2.1.v20101111.jar:/Users/jfarcand/.m2/repository/org/eclipse/jetty/jetty-server/7.2.1.v20101111/jetty-server-7.2.1.v20101111.jar:/Users/jfarcand/.m2/repository/org/eclipse/jetty/jetty-continuation/7.2.1.v20101111/jetty-continuation-7.2.1.v20101111.jar:/Users/jfarcand/.m2/repository/org/eclipse/jetty/jetty-http/7.2.1.v20101111/jetty-http-7.2.1.v20101111.jar:/Users/jfarcand/.m2/repository/org/eclipse/jetty/jetty-io/7.2.1.v20101111/jetty-io-7.2.1.v20101111.jar:/Users/jfarcand/.m2/repository/org/eclipse/jetty/jetty-util/7.2.1.v20101111/jetty-util-7.2.1.v20101111.jar:/Users/jfarcand/.m2/repository/com/ning/async-http-client/1.4.1/async-http-client-1.4.1.jar:/Users/jfarcand/.m2/repository/org/jboss/netty/netty/3.2.3.Final/netty-3.2.3.Final.jar:/Users/jfarcand/.m2/repository/org/slf4j/jcl-over-slf4j/1.6.1/jcl-over-slf4j-1.6.1.jar:"/>
    <property name="java.specification.name" value="Java Platform API Specification"/>
    <property name="java.class.version" value="50.0"/>
    <property name="sun.management.compiler" value="HotSpot 64-Bit Server Compiler"/>
    <property name="os.version" value="10.6.6"/>
    <property name="http.nonProxyHosts" value="local|*.local|169.254/16|*.169.254/16"/>
    <property name="user.home" value="/Users/jfarcand"/>
    <property name="user.timezone" value="America/Montreal"/>
    <property name="java.awt.printerjob" value="apple.awt.CPrinterJob"/>
    <property name="java.specification.version" value="1.6"/>
    <property name="file.encoding" value="MacRoman"/>
    <property name="user.name" value="jfarcand"/>
    <property name="java.class.path" value="/Users/jfarcand/workspace/REST-Deflector/rest-jaxrs/target/test-classes:/Users/jfarcand/workspace/REST-Deflector/rest-jaxrs/target/classes:/Users/jfarcand/workspace/REST-Deflector/rest-api/target/rest-api-0.1-SNAPSHOT.jar:/Users/jfarcand/.m2/repository/org/sonatype/sisu/sisu-guice/3.0-SNAPSHOT/sisu-guice-3.0-SNAPSHOT.jar:/Users/jfarcand/.m2/repository/javax/inject/javax.inject/1/javax.inject-1.jar:/Users/jfarcand/.m2/repository/org/sonatype/sisu/inject/guice-servlet/3.0-SNAPSHOT/guice-servlet-3.0-SNAPSHOT.jar:/Users/jfarcand/.m2/repository/javax/servlet/servlet-api/2.5/servlet-api-2.5.jar:/Users/jfarcand/.m2/repository/asm/asm/3.3.1/asm-3.3.1.jar:/Users/jfarcand/.m2/repository/asm/asm-util/3.3.1/asm-util-3.3.1.jar:/Users/jfarcand/.m2/repository/asm/asm-tree/3.3.1/asm-tree-3.3.1.jar:/Users/jfarcand/.m2/repository/aopalliance/aopalliance/1.0/aopalliance-1.0.jar:/Users/jfarcand/.m2/repository/com/sun/jersey/jersey-server/1.5/jersey-server-1.5.jar:/Users/jfarcand/.m2/repository/com/sun/jersey/jersey-core/1.5/jersey-core-1.5.jar:/Users/jfarcand/.m2/repository/com/sun/jersey/contribs/jersey-guice/1.5/jersey-guice-1.5.jar:/Users/jfarcand/.m2/repository/com/google/inject/extensions/guice-servlet/2.0/guice-servlet-2.0.jar:/Users/jfarcand/.m2/repository/com/google/inject/guice/2.0/guice-2.0.jar:/Users/jfarcand/.m2/repository/com/sun/jersey/jersey-json/1.5/jersey-json-1.5.jar:/Users/jfarcand/.m2/repository/org/codehaus/jettison/jettison/1.1/jettison-1.1.jar:/Users/jfarcand/.m2/repository/stax/stax-api/1.0.1/stax-api-1.0.1.jar:/Users/jfarcand/.m2/repository/com/sun/xml/bind/jaxb-impl/2.2.3/jaxb-impl-2.2.3.jar:/Users/jfarcand/.m2/repository/javax/xml/bind/jaxb-api/2.2.2/jaxb-api-2.2.2.jar:/Users/jfarcand/.m2/repository/javax/xml/stream/stax-api/1.0-2/stax-api-1.0-2.jar:/Users/jfarcand/.m2/repository/javax/activation/activation/1.1/activation-1.1.jar:/Users/jfarcand/.m2/repository/org/codehaus/jackson/jackson-core-asl/1.5.5/jackson-core-asl-1.5.5.jar:/Users/jfarcand/.m2/repository/org/codehaus/jackson/jackson-mapper-asl/1.5.5/jackson-mapper-asl-1.5.5.jar:/Users/jfarcand/.m2/repository/org/codehaus/jackson/jackson-jaxrs/1.5.5/jackson-jaxrs-1.5.5.jar:/Users/jfarcand/.m2/repository/org/codehaus/jackson/jackson-xc/1.5.5/jackson-xc-1.5.5.jar:/Users/jfarcand/.m2/repository/ch/qos/logback/logback-classic/0.9.24/logback-classic-0.9.24.jar:/Users/jfarcand/.m2/repository/ch/qos/logback/logback-core/0.9.24/logback-core-0.9.24.jar:/Users/jfarcand/.m2/repository/org/slf4j/slf4j-api/1.6.0/slf4j-api-1.6.0.jar:/Users/jfarcand/.m2/repository/org/testng/testng/5.8/testng-5.8-jdk15.jar:/Users/jfarcand/.m2/repository/junit/junit/3.8.1/junit-3.8.1.jar:/Users/jfarcand/.m2/repository/org/eclipse/jetty/jetty-servlet/7.2.1.v20101111/jetty-servlet-7.2.1.v20101111.jar:/Users/jfarcand/.m2/repository/org/eclipse/jetty/jetty-security/7.2.1.v20101111/jetty-security-7.2.1.v20101111.jar:/Users/jfarcand/.m2/repository/org/eclipse/jetty/jetty-server/7.2.1.v20101111/jetty-server-7.2.1.v20101111.jar:/Users/jfarcand/.m2/repository/org/eclipse/jetty/jetty-continuation/7.2.1.v20101111/jetty-continuation-7.2.1.v20101111.jar:/Users/jfarcand/.m2/repository/org/eclipse/jetty/jetty-http/7.2.1.v20101111/jetty-http-7.2.1.v20101111.jar:/Users/jfarcand/.m2/repository/org/eclipse/jetty/jetty-io/7.2.1.v20101111/jetty-io-7.2.1.v20101111.jar:/Users/jfarcand/.m2/repository/org/eclipse/jetty/jetty-util/7.2.1.v20101111/jetty-util-7.2.1.v20101111.jar:/Users/jfarcand/.m2/repository/com/ning/async-http-client/1.4.1/async-http-client-1.4.1.jar:/Users/jfarcand/.m2/repository/org/jboss/netty/netty/3.2.3.Final/netty-3.2.3.Final.jar:/Users/jfarcand/.m2/repository/org/slf4j/jcl-over-slf4j/1.6.1/jcl-over-slf4j-1.6.1.jar:"/>
    <property name="java.vm.specification.version" value="1.0"/>
    <property name="sun.arch.data.model" value="64"/>
    <property name="java.home" value="/System/Library/Java/JavaVirtualMachines/1.6.0.jdk/Contents/Home"/>
    <property name="java.specification.vendor" value="Sun Microsystems Inc."/>
    <property name="user.language" value="en"/>
    <property name="awt.toolkit" value="apple.awt.CToolkit"/>
    <property name="java.vm.info" value="mixed mode"/>
    <property name="java.version" value="1.6.0_22"/>
    <property name="java.ext.dirs" value="/Library/Java/Extensions:/System/Library/Java/Extensions:/System/Library/Java/JavaVirtualMachines/1.6.0.jdk/Contents/Home/lib/ext"/>
    <property name="sun.boot.class.path" value="/System/Library/Java/JavaVirtualMachines/1.6.0.jdk/Contents/Classes/jsfd.jar:/System/Library/Java/JavaVirtualMachines/1.6.0.jdk/Contents/Classes/classes.jar:/System/Library/Frameworks/JavaVM.framework/Frameworks/JavaRuntimeSupport.framework/Resources/Java/JavaRuntimeSupport.jar:/System/Library/Java/JavaVirtualMachines/1.6.0.jdk/Contents/Classes/ui.jar:/System/Library/Java/JavaVirtualMachines/1.6.0.jdk/Contents/Classes/laf.jar:/System/Library/Java/JavaVirtualMachines/1.6.0.jdk/Contents/Classes/sunrsasign.jar:/System/Library/Java/JavaVirtualMachines/1.6.0.jdk/Contents/Classes/jsse.jar:/System/Library/Java/JavaVirtualMachines/1.6.0.jdk/Contents/Classes/jce.jar:/System/Library/Java/JavaVirtualMachines/1.6.0.jdk/Contents/Classes/charsets.jar"/>
    <property name="java.vendor" value="Apple Inc."/>
    <property name="localRepository" value="/Users/jfarcand/.m2/repository"/>
    <property name="file.separator" value="/"/>
    <property name="java.vendor.url.bug" value="http://bugreport.apple.com/"/>
    <property name="sun.cpu.endian" value="little"/>
    <property name="sun.io.unicode.encoding" value="UnicodeLittle"/>
    <property name="mrj.version" value="1060.1.6.0_22-307"/>
    <property name="socksNonProxyHosts" value="local|*.local|169.254/16|*.169.254/16"/>
    <property name="ftp.nonProxyHosts" value="local|*.local|169.254/16|*.169.254/16"/>
    <property name="sun.cpu.isalist" value=""/>
  </properties>
  <testcase time="0.245" classname="org.sonatype.rest.tests.JAXRSModuleTest" name="testPut"/>
  <testcase time="0.177" classname="org.sonatype.rest.tests.JAXRSModuleTest" name="testGet"/>
  <testcase time="0.014" classname="org.sonatype.rest.tests.JAXRSModuleTest" name="testInvalidPost"/>
  <testcase time="0.009" classname="org.sonatype.rest.tests.JAXRSModuleTest" name="testPost"/>
  <testcase time="0.01" classname="org.sonatype.rest.tests.JAXRSModuleTest" name="testInvalidBookGet"/>
  <testcase time="0.025" classname="org.sonatype.rest.tests.JAXRSModuleTest" name="testDelete"/>
</testsuite>